08-18 23:23:46 com_github_MitjaNemec_Archive3DModels.action_archive_3d_models 210:Plugin executed on: 'win32'
08-18 23:23:46 com_github_MitjaNemec_Archive3DModels.action_archive_3d_models 211:Plugin executed with python version: '3.9.10 (main, Feb 11 2022, 04:18:11) [MSC v.1928 64 bit (AMD64)]'
08-18 23:23:46 com_github_MitjaNemec_Archive3DModels.action_archive_3d_models 212:KiCad build version: (6.0.2)
08-18 23:23:46 com_github_MitjaNemec_Archive3DModels.action_archive_3d_models 213:Plugin version: 1.0.3

08-18 23:23:47 com_github_MitjaNemec_Archive3DModels.archive_3d_models 13:Starting to archive 3D models
08-18 23:23:47 com_github_MitjaNemec_Archive3DModels.archive_3d_models 34:Getting 3D models for footprint of: H1
08-18 23:23:47 com_github_MitjaNemec_Archive3DModels.archive_3d_models 34:Getting 3D models for footprint of: J11
08-18 23:23:47 com_github_MitjaNemec_Archive3DModels.archive_3d_models 45:Trying to copy: ${KIPRJMOD}/Packages3D/PinHeader_2x01_P2.54mm_Horizontal.wrl
08-18 23:23:47 com_github_MitjaNemec_Archive3DModels.archive_3d_models 105:Remapping: ${KIPRJMOD}/Packages3D/PinHeader_2x01_P2.54mm_Horizontal.wrl
08-18 23:23:47 com_github_MitjaNemec_Archive3DModels.archive_3d_models 34:Getting 3D models for footprint of: R10
08-18 23:23:47 com_github_MitjaNemec_Archive3DModels.archive_3d_models 45:Trying to copy: ${KIPRJMOD}/Packages3D/R_1206_3216Metric.wrl
08-18 23:23:47 com_github_MitjaNemec_Archive3DModels.archive_3d_models 105:Remapping: ${KIPRJMOD}/Packages3D/R_1206_3216Metric.wrl
08-18 23:23:47 com_github_MitjaNemec_Archive3DModels.archive_3d_models 34:Getting 3D models for footprint of: R2
08-18 23:23:47 com_github_MitjaNemec_Archive3DModels.archive_3d_models 45:Trying to copy: ${KIPRJMOD}/Packages3D/R_1206_3216Metric.wrl
08-18 23:23:47 com_github_MitjaNemec_Archive3DModels.archive_3d_models 105:Remapping: ${KIPRJMOD}/Packages3D/R_1206_3216Metric.wrl
08-18 23:23:47 com_github_MitjaNemec_Archive3DModels.archive_3d_models 34:Getting 3D models for footprint of: J9
08-18 23:23:47 com_github_MitjaNemec_Archive3DModels.archive_3d_models 45:Trying to copy: ${KIPRJMOD}/Packages3D/PinHeader_2x01_P2.54mm_Horizontal.wrl
08-18 23:23:47 com_github_MitjaNemec_Archive3DModels.archive_3d_models 105:Remapping: ${KIPRJMOD}/Packages3D/PinHeader_2x01_P2.54mm_Horizontal.wrl
08-18 23:23:47 com_github_MitjaNemec_Archive3DModels.archive_3d_models 34:Getting 3D models for footprint of: J3
08-18 23:23:47 com_github_MitjaNemec_Archive3DModels.archive_3d_models 45:Trying to copy: ${KIPRJMOD}/Packages3D/PinHeader_2x01_P2.54mm_Horizontal.wrl
08-18 23:23:47 com_github_MitjaNemec_Archive3DModels.archive_3d_models 105:Remapping: ${KIPRJMOD}/Packages3D/PinHeader_2x01_P2.54mm_Horizontal.wrl
08-18 23:23:47 com_github_MitjaNemec_Archive3DModels.archive_3d_models 34:Getting 3D models for footprint of: D5
08-18 23:23:47 com_github_MitjaNemec_Archive3DModels.archive_3d_models 45:Trying to copy: ${KIPRJMOD}/Packages3D/D_SMA.wrl
08-18 23:23:47 com_github_MitjaNemec_Archive3DModels.archive_3d_models 105:Remapping: ${KIPRJMOD}/Packages3D/D_SMA.wrl
08-18 23:23:47 com_github_MitjaNemec_Archive3DModels.archive_3d_models 34:Getting 3D models for footprint of: Q2
08-18 23:23:47 com_github_MitjaNemec_Archive3DModels.archive_3d_models 45:Trying to copy: ${KIPRJMOD}/Packages3D/SOT-23.wrl
08-18 23:23:47 com_github_MitjaNemec_Archive3DModels.archive_3d_models 105:Remapping: ${KIPRJMOD}/Packages3D/SOT-23.wrl
08-18 23:23:47 com_github_MitjaNemec_Archive3DModels.archive_3d_models 34:Getting 3D models for footprint of: C2
08-18 23:23:47 com_github_MitjaNemec_Archive3DModels.archive_3d_models 45:Trying to copy: ${KIPRJMOD}/Packages3D/CP_Radial_D8.0mm_P3.80mm.wrl
08-18 23:23:47 com_github_MitjaNemec_Archive3DModels.archive_3d_models 105:Remapping: ${KIPRJMOD}/Packages3D/CP_Radial_D8.0mm_P3.80mm.wrl
08-18 23:23:47 com_github_MitjaNemec_Archive3DModels.archive_3d_models 34:Getting 3D models for footprint of: kibuzzard-62FC16AF
08-18 23:23:47 com_github_MitjaNemec_Archive3DModels.archive_3d_models 34:Getting 3D models for footprint of: D1
08-18 23:23:47 com_github_MitjaNemec_Archive3DModels.archive_3d_models 45:Trying to copy: ${KIPRJMOD}/Packages3D/LED_1206_3216Metric.wrl
08-18 23:23:47 com_github_MitjaNemec_Archive3DModels.archive_3d_models 105:Remapping: ${KIPRJMOD}/Packages3D/LED_1206_3216Metric.wrl
08-18 23:23:47 com_github_MitjaNemec_Archive3DModels.archive_3d_models 34:Getting 3D models for footprint of: kibuzzard-62FC16D7
08-18 23:23:47 com_github_MitjaNemec_Archive3DModels.archive_3d_models 34:Getting 3D models for footprint of: kibuzzard-62FC1B41
08-18 23:23:47 com_github_MitjaNemec_Archive3DModels.archive_3d_models 34:Getting 3D models for footprint of: R7
08-18 23:23:47 com_github_MitjaNemec_Archive3DModels.archive_3d_models 45:Trying to copy: ${KIPRJMOD}/Packages3D/R_1206_3216Metric.wrl
08-18 23:23:47 com_github_MitjaNemec_Archive3DModels.archive_3d_models 105:Remapping: ${KIPRJMOD}/Packages3D/R_1206_3216Metric.wrl
08-18 23:23:47 com_github_MitjaNemec_Archive3DModels.archive_3d_models 34:Getting 3D models for footprint of: H2
08-18 23:23:47 com_github_MitjaNemec_Archive3DModels.archive_3d_models 34:Getting 3D models for footprint of: D3
08-18 23:23:47 com_github_MitjaNemec_Archive3DModels.archive_3d_models 45:Trying to copy: ${KIPRJMOD}/Packages3D/LED_1206_3216Metric.wrl
08-18 23:23:47 com_github_MitjaNemec_Archive3DModels.archive_3d_models 105:Remapping: ${KIPRJMOD}/Packages3D/LED_1206_3216Metric.wrl
08-18 23:23:47 com_github_MitjaNemec_Archive3DModels.archive_3d_models 34:Getting 3D models for footprint of: kibuzzard-62FC16DC
08-18 23:23:47 com_github_MitjaNemec_Archive3DModels.archive_3d_models 34:Getting 3D models for footprint of: kibuzzard-62FC1A81
08-18 23:23:47 com_github_MitjaNemec_Archive3DModels.archive_3d_models 34:Getting 3D models for footprint of: C1
08-18 23:23:47 com_github_MitjaNemec_Archive3DModels.archive_3d_models 45:Trying to copy: ${KIPRJMOD}/Packages3D/CP_Radial_D10.0mm_P5.00mm.wrl
08-18 23:23:47 com_github_MitjaNemec_Archive3DModels.archive_3d_models 105:Remapping: ${KIPRJMOD}/Packages3D/CP_Radial_D10.0mm_P5.00mm.wrl
08-18 23:23:47 com_github_MitjaNemec_Archive3DModels.archive_3d_models 34:Getting 3D models for footprint of: kibuzzard-62FC16AA
08-18 23:23:47 com_github_MitjaNemec_Archive3DModels.archive_3d_models 34:Getting 3D models for footprint of: R9
08-18 23:23:47 com_github_MitjaNemec_Archive3DModels.archive_3d_models 45:Trying to copy: ${KIPRJMOD}/Packages3D/R_1206_3216Metric.wrl
08-18 23:23:47 com_github_MitjaNemec_Archive3DModels.archive_3d_models 105:Remapping: ${KIPRJMOD}/Packages3D/R_1206_3216Metric.wrl
08-18 23:23:47 com_github_MitjaNemec_Archive3DModels.archive_3d_models 34:Getting 3D models for footprint of: J10
08-18 23:23:47 com_github_MitjaNemec_Archive3DModels.archive_3d_models 45:Trying to copy: ${KIPRJMOD}/Packages3D/PinHeader_2x01_P2.54mm_Horizontal.wrl
08-18 23:23:47 com_github_MitjaNemec_Archive3DModels.archive_3d_models 105:Remapping: ${KIPRJMOD}/Packages3D/PinHeader_2x01_P2.54mm_Horizontal.wrl
08-18 23:23:47 com_github_MitjaNemec_Archive3DModels.archive_3d_models 34:Getting 3D models for footprint of: kibuzzard-62FC1F82
08-18 23:23:47 com_github_MitjaNemec_Archive3DModels.archive_3d_models 34:Getting 3D models for footprint of: J7
08-18 23:23:47 com_github_MitjaNemec_Archive3DModels.archive_3d_models 45:Trying to copy: ${KIPRJMOD}/Packages3D/Molex_KK-254_AE-6410-02A_1x02_P2.54mm_Vertical.wrl
08-18 23:23:47 com_github_MitjaNemec_Archive3DModels.archive_3d_models 105:Remapping: ${KIPRJMOD}/Packages3D/Molex_KK-254_AE-6410-02A_1x02_P2.54mm_Vertical.wrl
08-18 23:23:47 com_github_MitjaNemec_Archive3DModels.archive_3d_models 34:Getting 3D models for footprint of: R5
08-18 23:23:47 com_github_MitjaNemec_Archive3DModels.archive_3d_models 45:Trying to copy: ${KIPRJMOD}/Packages3D/R_1206_3216Metric.wrl
08-18 23:23:47 com_github_MitjaNemec_Archive3DModels.archive_3d_models 105:Remapping: ${KIPRJMOD}/Packages3D/R_1206_3216Metric.wrl
08-18 23:23:47 com_github_MitjaNemec_Archive3DModels.archive_3d_models 34:Getting 3D models for footprint of: J6
08-18 23:23:47 com_github_MitjaNemec_Archive3DModels.archive_3d_models 45:Trying to copy: ${KIPRJMOD}/Packages3D/PinHeader_2x01_P2.54mm_Horizontal.wrl
08-18 23:23:47 com_github_MitjaNemec_Archive3DModels.archive_3d_models 105:Remapping: ${KIPRJMOD}/Packages3D/PinHeader_2x01_P2.54mm_Horizontal.wrl
08-18 23:23:47 com_github_MitjaNemec_Archive3DModels.archive_3d_models 34:Getting 3D models for footprint of: kibuzzard-62FC1A81
08-18 23:23:47 com_github_MitjaNemec_Archive3DModels.archive_3d_models 34:Getting 3D models for footprint of: J8
08-18 23:23:47 com_github_MitjaNemec_Archive3DModels.archive_3d_models 45:Trying to copy: ${KIPRJMOD}/Packages3D/Molex_KK-254_AE-6410-02A_1x02_P2.54mm_Vertical.wrl
08-18 23:23:47 com_github_MitjaNemec_Archive3DModels.archive_3d_models 105:Remapping: ${KIPRJMOD}/Packages3D/Molex_KK-254_AE-6410-02A_1x02_P2.54mm_Vertical.wrl
08-18 23:23:47 com_github_MitjaNemec_Archive3DModels.archive_3d_models 34:Getting 3D models for footprint of: R3
08-18 23:23:47 com_github_MitjaNemec_Archive3DModels.archive_3d_models 45:Trying to copy: ${KIPRJMOD}/Packages3D/R_1206_3216Metric.wrl
08-18 23:23:47 com_github_MitjaNemec_Archive3DModels.archive_3d_models 105:Remapping: ${KIPRJMOD}/Packages3D/R_1206_3216Metric.wrl
08-18 23:23:47 com_github_MitjaNemec_Archive3DModels.archive_3d_models 34:Getting 3D models for footprint of: J5
08-18 23:23:47 com_github_MitjaNemec_Archive3DModels.archive_3d_models 45:Trying to copy: ${KIPRJMOD}/Packages3D/PinHeader_2x01_P2.54mm_Horizontal.wrl
08-18 23:23:47 com_github_MitjaNemec_Archive3DModels.archive_3d_models 105:Remapping: ${KIPRJMOD}/Packages3D/PinHeader_2x01_P2.54mm_Horizontal.wrl
08-18 23:23:47 com_github_MitjaNemec_Archive3DModels.archive_3d_models 34:Getting 3D models for footprint of: J4
08-18 23:23:47 com_github_MitjaNemec_Archive3DModels.archive_3d_models 45:Trying to copy: ${KIPRJMOD}/Packages3D/PinHeader_2x01_P2.54mm_Horizontal.wrl
08-18 23:23:47 com_github_MitjaNemec_Archive3DModels.archive_3d_models 105:Remapping: ${KIPRJMOD}/Packages3D/PinHeader_2x01_P2.54mm_Horizontal.wrl
08-18 23:23:47 com_github_MitjaNemec_Archive3DModels.archive_3d_models 34:Getting 3D models for footprint of: R6
08-18 23:23:47 com_github_MitjaNemec_Archive3DModels.archive_3d_models 45:Trying to copy: ${KIPRJMOD}/Packages3D/R_1206_3216Metric.wrl
08-18 23:23:47 com_github_MitjaNemec_Archive3DModels.archive_3d_models 105:Remapping: ${KIPRJMOD}/Packages3D/R_1206_3216Metric.wrl
08-18 23:23:47 com_github_MitjaNemec_Archive3DModels.archive_3d_models 34:Getting 3D models for footprint of: kibuzzard-62FC1F7D
08-18 23:23:47 com_github_MitjaNemec_Archive3DModels.archive_3d_models 34:Getting 3D models for footprint of: kibuzzard-62FC16D3
08-18 23:23:47 com_github_MitjaNemec_Archive3DModels.archive_3d_models 34:Getting 3D models for footprint of: kibuzzard-62FC16BD
08-18 23:23:47 com_github_MitjaNemec_Archive3DModels.archive_3d_models 34:Getting 3D models for footprint of: R1
08-18 23:23:47 com_github_MitjaNemec_Archive3DModels.archive_3d_models 45:Trying to copy: ${KIPRJMOD}/Packages3D/R_1206_3216Metric.wrl
08-18 23:23:47 com_github_MitjaNemec_Archive3DModels.archive_3d_models 105:Remapping: ${KIPRJMOD}/Packages3D/R_1206_3216Metric.wrl
08-18 23:23:47 com_github_MitjaNemec_Archive3DModels.archive_3d_models 34:Getting 3D models for footprint of: D4
08-18 23:23:47 com_github_MitjaNemec_Archive3DModels.archive_3d_models 45:Trying to copy: ${KIPRJMOD}/Packages3D/D_SMA.wrl
08-18 23:23:47 com_github_MitjaNemec_Archive3DModels.archive_3d_models 105:Remapping: ${KIPRJMOD}/Packages3D/D_SMA.wrl
08-18 23:23:47 com_github_MitjaNemec_Archive3DModels.archive_3d_models 34:Getting 3D models for footprint of: kibuzzard-62FC1B50
08-18 23:23:47 com_github_MitjaNemec_Archive3DModels.archive_3d_models 34:Getting 3D models for footprint of: C3
08-18 23:23:47 com_github_MitjaNemec_Archive3DModels.archive_3d_models 45:Trying to copy: ${KIPRJMOD}/Packages3D/CP_Radial_D5.0mm_P2.00mm.wrl
08-18 23:23:47 com_github_MitjaNemec_Archive3DModels.archive_3d_models 105:Remapping: ${KIPRJMOD}/Packages3D/CP_Radial_D5.0mm_P2.00mm.wrl
08-18 23:23:47 com_github_MitjaNemec_Archive3DModels.archive_3d_models 34:Getting 3D models for footprint of: kibuzzard-62FC1F79
08-18 23:23:47 com_github_MitjaNemec_Archive3DModels.archive_3d_models 34:Getting 3D models for footprint of: D2
08-18 23:23:47 com_github_MitjaNemec_Archive3DModels.archive_3d_models 45:Trying to copy: ${KIPRJMOD}/Packages3D/LED_1206_3216Metric.wrl
08-18 23:23:47 com_github_MitjaNemec_Archive3DModels.archive_3d_models 105:Remapping: ${KIPRJMOD}/Packages3D/LED_1206_3216Metric.wrl
08-18 23:23:47 com_github_MitjaNemec_Archive3DModels.archive_3d_models 34:Getting 3D models for footprint of: R8
08-18 23:23:47 com_github_MitjaNemec_Archive3DModels.archive_3d_models 45:Trying to copy: ${KIPRJMOD}/Packages3D/R_1206_3216Metric.wrl
08-18 23:23:47 com_github_MitjaNemec_Archive3DModels.archive_3d_models 105:Remapping: ${KIPRJMOD}/Packages3D/R_1206_3216Metric.wrl
08-18 23:23:47 com_github_MitjaNemec_Archive3DModels.archive_3d_models 34:Getting 3D models for footprint of: kibuzzard-62FC16A6
08-18 23:23:47 com_github_MitjaNemec_Archive3DModels.archive_3d_models 34:Getting 3D models for footprint of: J2
08-18 23:23:47 com_github_MitjaNemec_Archive3DModels.archive_3d_models 45:Trying to copy: C:/Users/adrie/Documents/GitHub/Karibous-2023-Hardware/ECAD/MainBoard-2023/packages3D/Molex_KK-396_A-41791-0002_1x02_P3.96mm_Vertical.stp
08-18 23:23:47 com_github_MitjaNemec_Archive3DModels.archive_3d_models 105:Remapping: C:/Users/adrie/Documents/GitHub/Karibous-2023-Hardware/ECAD/MainBoard-2023/packages3D/Molex_KK-396_A-41791-0002_1x02_P3.96mm_Vertical.stp
08-18 23:23:47 com_github_MitjaNemec_Archive3DModels.archive_3d_models 34:Getting 3D models for footprint of: J1
08-18 23:23:47 com_github_MitjaNemec_Archive3DModels.archive_3d_models 45:Trying to copy: ${KIPRJMOD}/Packages3D/IDC-Header_2x05_P2.54mm_Vertical.wrl
08-18 23:23:47 com_github_MitjaNemec_Archive3DModels.archive_3d_models 105:Remapping: ${KIPRJMOD}/Packages3D/IDC-Header_2x05_P2.54mm_Vertical.wrl
08-18 23:23:47 com_github_MitjaNemec_Archive3DModels.archive_3d_models 34:Getting 3D models for footprint of: R4
08-18 23:23:47 com_github_MitjaNemec_Archive3DModels.archive_3d_models 45:Trying to copy: ${KIPRJMOD}/Packages3D/R_1206_3216Metric.wrl
08-18 23:23:47 com_github_MitjaNemec_Archive3DModels.archive_3d_models 105:Remapping: ${KIPRJMOD}/Packages3D/R_1206_3216Metric.wrl
08-18 23:23:47 com_github_MitjaNemec_Archive3DModels.archive_3d_models 34:Getting 3D models for footprint of: kibuzzard-62FC1A81
08-18 23:23:47 com_github_MitjaNemec_Archive3DModels.archive_3d_models 34:Getting 3D models for footprint of: Q1
08-18 23:23:47 com_github_MitjaNemec_Archive3DModels.archive_3d_models 45:Trying to copy: ${KIPRJMOD}/Packages3D/SOT-23.wrl
08-18 23:23:47 com_github_MitjaNemec_Archive3DModels.archive_3d_models 105:Remapping: ${KIPRJMOD}/Packages3D/SOT-23.wrl
08-18 23:23:47 com_github_MitjaNemec_Archive3DModels.archive_3d_models 34:Getting 3D models for footprint of: G***
08-18 23:23:47 com_github_MitjaNemec_Archive3DModels.archive_3d_models 34:Getting 3D models for footprint of: REF**
08-18 23:23:47 com_github_MitjaNemec_Archive3DModels.archive_3d_models 34:Getting 3D models for footprint of: G***
08-18 23:23:47 com_github_MitjaNemec_Archive3DModels.archive_3d_models 34:Getting 3D models for footprint of: REF**
