08-07 22:23:00 com_github_MitjaNemec_Archive3DModels.action_archive_3d_models 210:Plugin executed on: 'win32'
08-07 22:23:00 com_github_MitjaNemec_Archive3DModels.action_archive_3d_models 211:Plugin executed with python version: '3.9.10 (main, Feb 11 2022, 04:18:11) [MSC v.1928 64 bit (AMD64)]'
08-07 22:23:00 com_github_MitjaNemec_Archive3DModels.action_archive_3d_models 212:KiCad build version: (6.0.2)
08-07 22:23:00 com_github_MitjaNemec_Archive3DModels.action_archive_3d_models 213:Plugin version: 1.0.3

08-07 22:23:07 com_github_MitjaNemec_Archive3DModels.archive_3d_models 13:Starting to archive 3D models
08-07 22:23:07 com_github_MitjaNemec_Archive3DModels.archive_3d_models 34:Getting 3D models for footprint of: G***
08-07 22:23:07 com_github_MitjaNemec_Archive3DModels.archive_3d_models 34:Getting 3D models for footprint of: U1
08-07 22:23:07 com_github_MitjaNemec_Archive3DModels.archive_3d_models 45:Trying to copy: ${KICAD_USER_TEMPLATE_DIR}/Librairies/teensy.pretty/Teensy_3.2.STEP
08-07 22:23:07 com_github_MitjaNemec_Archive3DModels.archive_3d_models 105:Remapping: ${KICAD_USER_TEMPLATE_DIR}/Librairies/teensy.pretty/Teensy_3.2.STEP
08-07 22:23:07 com_github_MitjaNemec_Archive3DModels.archive_3d_models 45:Trying to copy: ${KIPRJMOD}/packages3D/Teensy_3.2.STEP
08-07 22:23:07 com_github_MitjaNemec_Archive3DModels.archive_3d_models 105:Remapping: ${KIPRJMOD}/packages3D/Teensy_3.2.STEP
08-07 22:23:07 com_github_MitjaNemec_Archive3DModels.archive_3d_models 45:Trying to copy: ${KIPRJMOD}/packages3D/Teensy_3.2.STEP
08-07 22:23:07 com_github_MitjaNemec_Archive3DModels.archive_3d_models 105:Remapping: ${KIPRJMOD}/packages3D/Teensy_3.2.STEP
08-07 22:23:07 com_github_MitjaNemec_Archive3DModels.archive_3d_models 34:Getting 3D models for footprint of: G***
08-07 22:23:07 com_github_MitjaNemec_Archive3DModels.archive_3d_models 34:Getting 3D models for footprint of: kibuzzard-62EFF766
08-07 22:23:07 com_github_MitjaNemec_Archive3DModels.archive_3d_models 34:Getting 3D models for footprint of: kibuzzard-62EFF774
08-07 22:23:07 com_github_MitjaNemec_Archive3DModels.archive_3d_models 34:Getting 3D models for footprint of: G***
08-07 22:23:07 com_github_MitjaNemec_Archive3DModels.archive_3d_models 34:Getting 3D models for footprint of: kibuzzard-62EFEF6E
08-07 22:23:07 com_github_MitjaNemec_Archive3DModels.archive_3d_models 34:Getting 3D models for footprint of: R1
08-07 22:23:07 com_github_MitjaNemec_Archive3DModels.archive_3d_models 45:Trying to copy: ${KICAD6_3DMODEL_DIR}/Resistor_SMD.3dshapes/R_1206_3216Metric.wrl
08-07 22:23:07 com_github_MitjaNemec_Archive3DModels.archive_3d_models 105:Remapping: ${KICAD6_3DMODEL_DIR}/Resistor_SMD.3dshapes/R_1206_3216Metric.wrl
08-07 22:23:07 com_github_MitjaNemec_Archive3DModels.archive_3d_models 34:Getting 3D models for footprint of: J1
08-07 22:23:07 com_github_MitjaNemec_Archive3DModels.archive_3d_models 45:Trying to copy: ${KICAD6_3DMODEL_DIR}/Connector_Molex.3dshapes/Molex_KK-254_AE-6410-04A_1x04_P2.54mm_Vertical.wrl
08-07 22:23:08 com_github_MitjaNemec_Archive3DModels.archive_3d_models 105:Remapping: ${KICAD6_3DMODEL_DIR}/Connector_Molex.3dshapes/Molex_KK-254_AE-6410-04A_1x04_P2.54mm_Vertical.wrl
08-07 22:23:08 com_github_MitjaNemec_Archive3DModels.archive_3d_models 34:Getting 3D models for footprint of: C1
08-07 22:23:08 com_github_MitjaNemec_Archive3DModels.archive_3d_models 45:Trying to copy: ${KICAD6_3DMODEL_DIR}/Capacitor_THT.3dshapes/CP_Radial_D6.3mm_P2.50mm.wrl
08-07 22:23:08 com_github_MitjaNemec_Archive3DModels.archive_3d_models 105:Remapping: ${KICAD6_3DMODEL_DIR}/Capacitor_THT.3dshapes/CP_Radial_D6.3mm_P2.50mm.wrl
08-07 22:23:08 com_github_MitjaNemec_Archive3DModels.archive_3d_models 34:Getting 3D models for footprint of: C2
08-07 22:23:08 com_github_MitjaNemec_Archive3DModels.archive_3d_models 45:Trying to copy: ${KICAD6_3DMODEL_DIR}/Capacitor_SMD.3dshapes/CP_Elec_5x5.4.wrl
08-07 22:23:08 com_github_MitjaNemec_Archive3DModels.archive_3d_models 105:Remapping: ${KICAD6_3DMODEL_DIR}/Capacitor_SMD.3dshapes/CP_Elec_5x5.4.wrl
08-07 22:23:08 com_github_MitjaNemec_Archive3DModels.archive_3d_models 34:Getting 3D models for footprint of: H2
08-07 22:23:08 com_github_MitjaNemec_Archive3DModels.archive_3d_models 34:Getting 3D models for footprint of: kibuzzard-62EFF3FC
08-07 22:23:08 com_github_MitjaNemec_Archive3DModels.archive_3d_models 34:Getting 3D models for footprint of: kibuzzard-62EFF40D
08-07 22:23:08 com_github_MitjaNemec_Archive3DModels.archive_3d_models 34:Getting 3D models for footprint of: G***
08-07 22:23:08 com_github_MitjaNemec_Archive3DModels.archive_3d_models 34:Getting 3D models for footprint of: H3
08-07 22:23:08 com_github_MitjaNemec_Archive3DModels.archive_3d_models 34:Getting 3D models for footprint of: G***
08-07 22:23:08 com_github_MitjaNemec_Archive3DModels.archive_3d_models 34:Getting 3D models for footprint of: kibuzzard-62EFF5AD
08-07 22:23:08 com_github_MitjaNemec_Archive3DModels.archive_3d_models 34:Getting 3D models for footprint of: D1
08-07 22:23:08 com_github_MitjaNemec_Archive3DModels.archive_3d_models 45:Trying to copy: ${KICAD6_3DMODEL_DIR}/LED_SMD.3dshapes/LED_1206_3216Metric.wrl
08-07 22:23:08 com_github_MitjaNemec_Archive3DModels.archive_3d_models 105:Remapping: ${KICAD6_3DMODEL_DIR}/LED_SMD.3dshapes/LED_1206_3216Metric.wrl
08-07 22:23:08 com_github_MitjaNemec_Archive3DModels.archive_3d_models 34:Getting 3D models for footprint of: G***
08-07 22:23:08 com_github_MitjaNemec_Archive3DModels.archive_3d_models 34:Getting 3D models for footprint of: H1
08-07 22:23:08 com_github_MitjaNemec_Archive3DModels.archive_3d_models 34:Getting 3D models for footprint of: kibuzzard-62EFF5A1
08-07 22:23:08 com_github_MitjaNemec_Archive3DModels.archive_3d_models 34:Getting 3D models for footprint of: G***
08-07 22:23:08 com_github_MitjaNemec_Archive3DModels.archive_3d_models 34:Getting 3D models for footprint of: kibuzzard-62EFF433
08-07 22:23:08 com_github_MitjaNemec_Archive3DModels.archive_3d_models 34:Getting 3D models for footprint of: G***
08-07 22:23:08 com_github_MitjaNemec_Archive3DModels.archive_3d_models 34:Getting 3D models for footprint of: C3
08-07 22:23:08 com_github_MitjaNemec_Archive3DModels.archive_3d_models 45:Trying to copy: ${KICAD6_3DMODEL_DIR}/Capacitor_Tantalum_SMD.3dshapes/CP_EIA-3528-12_Kemet-T.wrl
08-07 22:23:08 com_github_MitjaNemec_Archive3DModels.archive_3d_models 105:Remapping: ${KICAD6_3DMODEL_DIR}/Capacitor_Tantalum_SMD.3dshapes/CP_EIA-3528-12_Kemet-T.wrl
08-07 22:23:08 com_github_MitjaNemec_Archive3DModels.archive_3d_models 34:Getting 3D models for footprint of: G***
08-07 22:23:08 com_github_MitjaNemec_Archive3DModels.archive_3d_models 34:Getting 3D models for footprint of: kibuzzard-62EFF6BC
08-07 22:23:08 com_github_MitjaNemec_Archive3DModels.archive_3d_models 34:Getting 3D models for footprint of: U2
08-07 22:23:08 com_github_MitjaNemec_Archive3DModels.archive_3d_models 45:Trying to copy: ${KICAD6_3DMODEL_DIR}/Package_TO_SOT_SMD.3dshapes/SOT-223.wrl
08-07 22:23:08 com_github_MitjaNemec_Archive3DModels.archive_3d_models 105:Remapping: ${KICAD6_3DMODEL_DIR}/Package_TO_SOT_SMD.3dshapes/SOT-223.wrl
08-07 22:23:08 com_github_MitjaNemec_Archive3DModels.archive_3d_models 34:Getting 3D models for footprint of: kibuzzard-62EFF540
08-07 22:23:08 com_github_MitjaNemec_Archive3DModels.archive_3d_models 34:Getting 3D models for footprint of: kibuzzard-62EFEFDE
08-07 22:23:08 com_github_MitjaNemec_Archive3DModels.archive_3d_models 34:Getting 3D models for footprint of: kibuzzard-62EFF59A
08-07 22:23:08 com_github_MitjaNemec_Archive3DModels.archive_3d_models 34:Getting 3D models for footprint of: D2
08-07 22:23:08 com_github_MitjaNemec_Archive3DModels.archive_3d_models 45:Trying to copy: ${KICAD6_3DMODEL_DIR}/Diode_SMD.3dshapes/D_SMA.wrl
08-07 22:23:08 com_github_MitjaNemec_Archive3DModels.archive_3d_models 105:Remapping: ${KICAD6_3DMODEL_DIR}/Diode_SMD.3dshapes/D_SMA.wrl
08-07 22:23:08 com_github_MitjaNemec_Archive3DModels.archive_3d_models 34:Getting 3D models for footprint of: kibuzzard-62EFEF5E
08-07 22:23:08 com_github_MitjaNemec_Archive3DModels.archive_3d_models 34:Getting 3D models for footprint of: J4
08-07 22:23:08 com_github_MitjaNemec_Archive3DModels.archive_3d_models 45:Trying to copy: ${KICAD6_3DMODEL_DIR}/Connector_Molex.3dshapes/Molex_KK-254_AE-6410-04A_1x04_P2.54mm_Vertical.wrl
08-07 22:23:08 com_github_MitjaNemec_Archive3DModels.archive_3d_models 105:Remapping: ${KICAD6_3DMODEL_DIR}/Connector_Molex.3dshapes/Molex_KK-254_AE-6410-04A_1x04_P2.54mm_Vertical.wrl
08-07 22:23:08 com_github_MitjaNemec_Archive3DModels.archive_3d_models 34:Getting 3D models for footprint of: R2
08-07 22:23:08 com_github_MitjaNemec_Archive3DModels.archive_3d_models 45:Trying to copy: ${KICAD6_3DMODEL_DIR}/Resistor_SMD.3dshapes/R_1206_3216Metric.wrl
08-07 22:23:08 com_github_MitjaNemec_Archive3DModels.archive_3d_models 105:Remapping: ${KICAD6_3DMODEL_DIR}/Resistor_SMD.3dshapes/R_1206_3216Metric.wrl
08-07 22:23:08 com_github_MitjaNemec_Archive3DModels.archive_3d_models 34:Getting 3D models for footprint of: kibuzzard-62EFF6AD
08-07 22:23:08 com_github_MitjaNemec_Archive3DModels.archive_3d_models 34:Getting 3D models for footprint of: G***
08-07 22:23:08 com_github_MitjaNemec_Archive3DModels.archive_3d_models 34:Getting 3D models for footprint of: G***
08-07 22:23:08 com_github_MitjaNemec_Archive3DModels.archive_3d_models 34:Getting 3D models for footprint of: R3
08-07 22:23:08 com_github_MitjaNemec_Archive3DModels.archive_3d_models 45:Trying to copy: ${KICAD6_3DMODEL_DIR}/Resistor_SMD.3dshapes/R_1206_3216Metric.wrl
08-07 22:23:08 com_github_MitjaNemec_Archive3DModels.archive_3d_models 105:Remapping: ${KICAD6_3DMODEL_DIR}/Resistor_SMD.3dshapes/R_1206_3216Metric.wrl
08-07 22:23:08 com_github_MitjaNemec_Archive3DModels.archive_3d_models 34:Getting 3D models for footprint of: G***
08-07 22:23:08 com_github_MitjaNemec_Archive3DModels.archive_3d_models 34:Getting 3D models for footprint of: G***
08-07 22:23:08 com_github_MitjaNemec_Archive3DModels.archive_3d_models 34:Getting 3D models for footprint of: J3
08-07 22:23:08 com_github_MitjaNemec_Archive3DModels.archive_3d_models 45:Trying to copy: ${KICAD6_3DMODEL_DIR}/Connector_Molex.3dshapes/Molex_KK-254_AE-6410-03A_1x03_P2.54mm_Vertical.wrl
08-07 22:23:08 com_github_MitjaNemec_Archive3DModels.archive_3d_models 105:Remapping: ${KICAD6_3DMODEL_DIR}/Connector_Molex.3dshapes/Molex_KK-254_AE-6410-03A_1x03_P2.54mm_Vertical.wrl
08-07 22:23:08 com_github_MitjaNemec_Archive3DModels.archive_3d_models 34:Getting 3D models for footprint of: G***
08-07 22:23:08 com_github_MitjaNemec_Archive3DModels.archive_3d_models 34:Getting 3D models for footprint of: J2
08-07 22:23:08 com_github_MitjaNemec_Archive3DModels.archive_3d_models 45:Trying to copy: ${KICAD6_3DMODEL_DIR}/Connector_Molex.3dshapes/Molex_KK-254_AE-6410-04A_1x04_P2.54mm_Vertical.wrl
08-07 22:23:08 com_github_MitjaNemec_Archive3DModels.archive_3d_models 105:Remapping: ${KICAD6_3DMODEL_DIR}/Connector_Molex.3dshapes/Molex_KK-254_AE-6410-04A_1x04_P2.54mm_Vertical.wrl
